<?xml version="1.0" encoding="UTF-8"?>
<testng-results skipped="0" failed="0" total="1" passed="1">
  <reporter-output>
  </reporter-output>
  <suite name="Default suite" duration-ms="4429" started-at="2019-10-14T00:40:56Z" finished-at="2019-10-14T00:41:00Z">
    <groups>
    </groups>
    <test name="Default test" duration-ms="4429" started-at="2019-10-14T00:40:56Z" finished-at="2019-10-14T00:41:00Z">
      <class name="Basic.MathOperators">
        <test-method status="PASS" signature="multiplyUpTo10()[pri:0, instance:Basic.MathOperators@6f79caec]" name="multiplyUpTo10" duration-ms="4408" started-at="2019-10-13T19:40:56Z" finished-at="2019-10-13T19:41:00Z">
          <reporter-output>
          </reporter-output>
        </test-method> <!-- multiplyUpTo10 -->
      </class> <!-- Basic.MathOperators -->
    </test> <!-- Default test -->
  </suite> <!-- Default suite -->
</testng-results>
