<?xml version="1.0" encoding="UTF-8"?>
<testng-results skipped="0" failed="0" total="1" passed="1">
  <reporter-output>
  </reporter-output>
  <suite name="Default suite" duration-ms="7593" started-at="2019-10-15T00:16:02Z" finished-at="2019-10-15T00:16:09Z">
    <groups>
    </groups>
    <test name="Default test" duration-ms="7593" started-at="2019-10-15T00:16:02Z" finished-at="2019-10-15T00:16:09Z">
      <class name="Basic.MathOperators">
        <test-method status="PASS" signature="test()[pri:0, instance:Basic.MathOperators@67117f44]" name="test" duration-ms="7573" started-at="2019-10-14T19:16:02Z" finished-at="2019-10-14T19:16:09Z">
          <reporter-output>
          </reporter-output>
        </test-method> <!-- test -->
      </class> <!-- Basic.MathOperators -->
    </test> <!-- Default test -->
  </suite> <!-- Default suite -->
</testng-results>
